Log file open, 03/02/18 16:33:44
LogWindows: Failed to load 'aqProf.dll' (GetLastError=126)
LogWindows: File 'aqProf.dll' does not exist
LogWindows: Failed to load 'VtuneApi.dll' (GetLastError=126)
LogWindows: File 'VtuneApi.dll' does not exist
LogWindows: Failed to load 'VtuneApi32e.dll' (GetLastError=126)
LogWindows: File 'VtuneApi32e.dll' does not exist
LogInit: Display: Running engine for game: MyProject
LogPlatformFile: Not using cached read wrapper
LogInit: Display: RandInit(781216832) SRandInit(781216832).
LogInit: Read version file with build ID '3709383'
LogInit: Overriding engine version to CL 3832480, compatible CL 3709383
LogInit: Registered custom module enumerator with build ID '3709383'
LogTaskGraph: Started task graph with 5 named threads and 14 total threads with 3 sets of task threads.
LogStats: Stats thread started at 0.155914
LogD3D11RHI: Aftermath initialized
LogModuleManager: Display: Found up-to-date module file ../../../Engine/Plugins/2D/Paper2D/Binaries/Win64/UE4Editor-Paper2D.dll (API version 3709383).
LogModuleManager: Display: Found up-to-date module file ../../../Engine/Plugins/2D/Paper2D/Binaries/Win64/UE4Editor-Paper2DEditor.dll (API version 3709383).
LogModuleManager: Display: Found up-to-date module file ../../../Engine/Plugins/2D/Paper2D/Binaries/Win64/UE4Editor-PaperSpriteSheetImporter.dll (API version 3709383).
LogModuleManager: Display: Found up-to-date module file ../../../Engine/Plugins/2D/Paper2D/Binaries/Win64/UE4Editor-PaperTiledImporter.dll (API version 3709383).
LogModuleManager: Display: Found up-to-date module file ../../../Engine/Plugins/2D/Paper2D/Binaries/Win64/UE4Editor-SmartSnapping.dll (API version 3709383).
LogModuleManager: Display: Found up-to-date module file ../../../Engine/Plugins/Blendables/LightPropagationVolume/Binaries/Win64/UE4Editor-LightPropagationVolumeRuntime.dll (API version 3709383).
LogModuleManager: Display: Found up-to-date module file ../../../Engine/Plugins/Blendables/LightPropagationVolume/Binaries/Win64/UE4Editor-LightPropagationVolumeEditor.dll (API version 3709383).
LogModuleManager: Display: Found up-to-date module file ../../../Engine/Plugins/Developer/GitSourceControl/Binaries/Win64/UE4Editor-GitSourceControl.dll (API version 3709383).
LogModuleManager: Display: Found up-to-date module file ../../../Engine/Plugins/Developer/PerforceSourceControl/Binaries/Win64/UE4Editor-PerforceSourceControl.dll (API version 3709383).
LogModuleManager: Display: Found up-to-date module file ../../../Engine/Plugins/Developer/SubversionSourceControl/Binaries/Win64/UE4Editor-SubversionSourceControl.dll (API version 3709383).
LogModuleManager: Display: Found up-to-date module file ../../../Engine/Plugins/Developer/UObjectPlugin/Binaries/Win64/UE4Editor-UObjectPlugin.dll (API version 3709383).
LogModuleManager: Display: Found up-to-date module file ../../../Engine/Plugins/Developer/VisualStudioCodeSourceCodeAccess/Binaries/Win64/UE4Editor-VisualStudioCodeSourceCodeAccess.dll (API version 3709383).
LogModuleManager: Display: Found up-to-date module file ../../../Engine/Plugins/Developer/VisualStudioSourceCodeAccess/Binaries/Win64/UE4Editor-VisualStudioSourceCodeAccess.dll (API version 3709383).
LogModuleManager: Display: Found up-to-date module file ../../../Engine/Plugins/Editor/AssetManagerEditor/Binaries/Win64/UE4Editor-AssetManagerEditor.dll (API version 3709383).
LogModuleManager: Display: Found up-to-date module file ../../../Engine/Plugins/Editor/AudioCapture/Binaries/Win64/UE4Editor-AudioCapture.dll (API version 3709383).
LogModuleManager: Display: Found up-to-date module file ../../../Engine/Plugins/Editor/FacialAnimation/Binaries/Win64/UE4Editor-FacialAnimation.dll (API version 3709383).
LogModuleManager: Display: Found up-to-date module file ../../../Engine/Plugins/Editor/FacialAnimation/Binaries/Win64/UE4Editor-FacialAnimationEditor.dll (API version 3709383).
LogModuleManager: Display: Found up-to-date module file ../../../Engine/Plugins/Editor/GameplayTagsEditor/Binaries/Win64/UE4Editor-GameplayTagsEditor.dll (API version 3709383).
LogModuleManager: Display: Found up-to-date module file ../../../Engine/Plugins/Editor/MobileLauncherProfileWizard/Binaries/Win64/UE4Editor-MobileLauncherProfileWizard.dll (API version 3709383).
LogModuleManager: Display: Found up-to-date module file ../../../Engine/Plugins/Editor/PluginBrowser/Binaries/Win64/UE4Editor-PluginBrowser.dll (API version 3709383).
LogModuleManager: Display: Found up-to-date module file ../../../Engine/Plugins/Editor/SpeedTreeImporter/Binaries/Win64/UE4Editor-SpeedTreeImporter.dll (API version 3709383).
LogModuleManager: Display: Found up-to-date module file ../../../Engine/Plugins/Experimental/AlembicImporter/Binaries/Win64/UE4Editor-AlembicImporter.dll (API version 3709383).
LogModuleManager: Display: Found up-to-date module file ../../../Engine/Plugins/Experimental/AlembicImporter/Binaries/Win64/UE4Editor-AlembicLibrary.dll (API version 3709383).
LogModuleManager: Display: Found up-to-date module file ../../../Engine/Plugins/Experimental/CharacterAI/Binaries/Win64/UE4Editor-CharacterAI.dll (API version 3709383).
LogModuleManager: Display: Found up-to-date module file ../../../Engine/Plugins/Experimental/HTML5Networking/Binaries/Win64/UE4Editor-HTML5Networking.dll (API version 3709383).
LogModuleManager: Display: Found up-to-date module file ../../../Engine/Plugins/Media/AndroidMedia/Binaries/Win64/UE4Editor-AndroidMediaEditor.dll (API version 3709383).
LogModuleManager: Display: Found up-to-date module file ../../../Engine/Plugins/Media/AndroidMedia/Binaries/Win64/UE4Editor-AndroidMediaFactory.dll (API version 3709383).
LogModuleManager: Display: Found up-to-date module file ../../../Engine/Plugins/Media/AvfMedia/Binaries/Win64/UE4Editor-AvfMediaEditor.dll (API version 3709383).
LogModuleManager: Display: Found up-to-date module file ../../../Engine/Plugins/Media/AvfMedia/Binaries/Win64/UE4Editor-AvfMediaFactory.dll (API version 3709383).
LogModuleManager: Display: Found up-to-date module file ../../../Engine/Plugins/Media/AvfMedia/Binaries/Win64/UE4Editor-AvfMediaFactory.dll (API version 3709383).
LogModuleManager: Display: Found up-to-date module file ../../../Engine/Plugins/Media/ImgMedia/Binaries/Win64/UE4Editor-ImgMedia.dll (API version 3709383).
LogModuleManager: Display: Found up-to-date module file ../../../Engine/Plugins/Media/ImgMedia/Binaries/Win64/UE4Editor-ImgMediaEditor.dll (API version 3709383).
LogModuleManager: Display: Found up-to-date module file ../../../Engine/Plugins/Media/ImgMedia/Binaries/Win64/UE4Editor-ImgMediaFactory.dll (API version 3709383).
LogModuleManager: Display: Found up-to-date module file ../../../Engine/Plugins/Media/ImgMedia/Binaries/Win64/UE4Editor-ImgMediaFactory.dll (API version 3709383).
LogModuleManager: Display: Found up-to-date module file ../../../Engine/Plugins/Media/ImgMedia/Binaries/Win64/UE4Editor-OpenExrWrapper.dll (API version 3709383).
LogModuleManager: Display: Found up-to-date module file ../../../Engine/Plugins/Media/MediaCompositing/Binaries/Win64/UE4Editor-MediaCompositing.dll (API version 3709383).
LogModuleManager: Display: Found up-to-date module file ../../../Engine/Plugins/Media/MediaCompositing/Binaries/Win64/UE4Editor-MediaCompositingEditor.dll (API version 3709383).
LogModuleManager: Display: Found up-to-date module file ../../../Engine/Plugins/Media/MediaPlayerEditor/Binaries/Win64/UE4Editor-MediaPlayerEditor.dll (API version 3709383).
LogModuleManager: Display: Found up-to-date module file ../../../Engine/Plugins/Media/WmfMedia/Binaries/Win64/UE4Editor-WmfMedia.dll (API version 3709383).
LogModuleManager: Display: Found up-to-date module file ../../../Engine/Plugins/Media/WmfMedia/Binaries/Win64/UE4Editor-WmfMediaEditor.dll (API version 3709383).
LogModuleManager: Display: Found up-to-date module file ../../../Engine/Plugins/Media/WmfMedia/Binaries/Win64/UE4Editor-WmfMediaFactory.dll (API version 3709383).
LogModuleManager: Display: Found up-to-date module file ../../../Engine/Plugins/Media/WmfMedia/Binaries/Win64/UE4Editor-WmfMediaFactory.dll (API version 3709383).
LogModuleManager: Display: Found up-to-date module file ../../../Engine/Plugins/Messaging/TcpMessaging/Binaries/Win64/UE4Editor-TcpMessaging.dll (API version 3709383).
LogModuleManager: Display: Found up-to-date module file ../../../Engine/Plugins/Messaging/UdpMessaging/Binaries/Win64/UE4Editor-UdpMessaging.dll (API version 3709383).
LogModuleManager: Display: Found up-to-date module file ../../../Engine/Plugins/MovieScene/ActorSequence/Binaries/Win64/UE4Editor-ActorSequence.dll (API version 3709383).
LogModuleManager: Display: Found up-to-date module file ../../../Engine/Plugins/MovieScene/LevelSequenceEditor/Binaries/Win64/UE4Editor-LevelSequenceEditor.dll (API version 3709383).
LogModuleManager: Display: Found up-to-date module file ../../../Engine/Plugins/MovieScene/MatineeToLevelSequence/Binaries/Win64/UE4Editor-MatineeToLevelSequence.dll (API version 3709383).
LogModuleManager: Display: Found up-to-date module file ../../../Engine/Plugins/Online/OnlineSubsystem/Binaries/Win64/UE4Editor-OnlineSubsystem.dll (API version 3709383).
LogModuleManager: Display: Found up-to-date module file ../../../Engine/Plugins/Runtime/AndroidPermission/Binaries/Win64/UE4Editor-AndroidPermission.dll (API version 3709383).
LogModuleManager: Display: Found up-to-date module file ../../../Engine/Plugins/Online/OnlineSubsystemNull/Binaries/Win64/UE4Editor-OnlineSubsystemNull.dll (API version 3709383).
LogModuleManager: Display: Found up-to-date module file ../../../Engine/Plugins/Online/OnlineSubsystemUtils/Binaries/Win64/UE4Editor-OnlineSubsystemUtils.dll (API version 3709383).
LogModuleManager: Display: Found up-to-date module file ../../../Engine/Plugins/Online/OnlineSubsystemUtils/Binaries/Win64/UE4Editor-OnlineBlueprintSupport.dll (API version 3709383).
LogModuleManager: Display: Found up-to-date module file ../../../Engine/Plugins/Runtime/AndroidDeviceProfileSelector/Binaries/Win64/UE4Editor-AndroidDeviceProfileSelector.dll (API version 3709383).
LogModuleManager: Display: Found up-to-date module file ../../../Engine/Plugins/Runtime/AppleARKit/Binaries/Win64/UE4Editor-AppleARKit.dll (API version 3709383).
LogModuleManager: Display: Found up-to-date module file ../../../Engine/Plugins/Runtime/ArchVisCharacter/Binaries/Win64/UE4Editor-ArchVisCharacter.dll (API version 3709383).
LogModuleManager: Display: Found up-to-date module file ../../../Engine/Plugins/Runtime/CableComponent/Binaries/Win64/UE4Editor-CableComponent.dll (API version 3709383).
LogModuleManager: Display: Found up-to-date module file ../../../Engine/Plugins/Runtime/CustomMeshComponent/Binaries/Win64/UE4Editor-CustomMeshComponent.dll (API version 3709383).
LogModuleManager: Display: Found up-to-date module file ../../../Engine/Plugins/Runtime/ExampleDeviceProfileSelector/Binaries/Win64/UE4Editor-ExampleDeviceProfileSelector.dll (API version 3709383).
LogModuleManager: Display: Found up-to-date module file ../../../Engine/Plugins/Runtime/ImmediatePhysics/Binaries/Win64/UE4Editor-ImmediatePhysics.dll (API version 3709383).
LogModuleManager: Display: Found up-to-date module file ../../../Engine/Plugins/Runtime/ImmediatePhysics/Binaries/Win64/UE4Editor-ImmediatePhysicsEditor.dll (API version 3709383).
LogModuleManager: Display: Found up-to-date module file ../../../Engine/Plugins/Runtime/LocationServicesBPLibrary/Binaries/Win64/UE4Editor-LocationServicesBPLibrary.dll (API version 3709383).
LogModuleManager: Display: Found up-to-date module file ../../../Engine/Plugins/Runtime/MobilePatchingUtils/Binaries/Win64/UE4Editor-MobilePatchingUtils.dll (API version 3709383).
LogModuleManager: Display: Found up-to-date module file ../../../Engine/Plugins/Runtime/Oculus/OculusVR/Binaries/Win64/UE4Editor-OculusHMD.dll (API version 3709383).
LogModuleManager: Display: Found up-to-date module file ../../../Engine/Plugins/Runtime/Oculus/OculusVR/Binaries/Win64/UE4Editor-OculusInput.dll (API version 3709383).
LogModuleManager: Display: Found up-to-date module file ../../../Engine/Plugins/Runtime/Oculus/OculusVR/Binaries/Win64/UE4Editor-OculusEditor.dll (API version 3709383).
LogModuleManager: Display: Found up-to-date module file ../../../Engine/Plugins/Runtime/PhysXVehicles/Binaries/Win64/UE4Editor-PhysXVehicles.dll (API version 3709383).
LogModuleManager: Display: Found up-to-date module file ../../../Engine/Plugins/Runtime/PhysXVehicles/Binaries/Win64/UE4Editor-PhysXVehiclesEditor.dll (API version 3709383).
LogModuleManager: Display: Found up-to-date module file ../../../Engine/Plugins/Runtime/ProceduralMeshComponent/Binaries/Win64/UE4Editor-ProceduralMeshComponent.dll (API version 3709383).
LogModuleManager: Display: Found up-to-date module file ../../../Engine/Plugins/Runtime/ProceduralMeshComponent/Binaries/Win64/UE4Editor-ProceduralMeshComponentEditor.dll (API version 3709383).
LogModuleManager: Display: Found up-to-date module file ../../../Engine/Plugins/Runtime/RuntimePhysXCooking/Binaries/Win64/UE4Editor-RuntimePhysXCooking.dll (API version 3709383).
LogModuleManager: Display: Found up-to-date module file ../../../Engine/Plugins/Runtime/Steam/SteamVR/Binaries/Win64/UE4Editor-SteamVR.dll (API version 3709383).
LogModuleManager: Display: Found up-to-date module file ../../../Engine/Plugins/Runtime/Steam/SteamVR/Binaries/Win64/UE4Editor-SteamVRController.dll (API version 3709383).
LogModuleManager: Display: Found up-to-date module file ../../../Engine/Plugins/Runtime/WindowsMoviePlayer/Binaries/Win64/UE4Editor-WindowsMoviePlayer.dll (API version 3709383).
LogPluginManager: Mounting plugin Paper2D
LogPluginManager: Mounting plugin LightPropagationVolume
LogPluginManager: Mounting plugin CodeLiteSourceCodeAccess
LogPluginManager: Mounting plugin GitSourceControl
LogPluginManager: Mounting plugin KDevelopSourceCodeAccess
LogPluginManager: Mounting plugin NullSourceCodeAccess
LogPluginManager: Mounting plugin PerforceSourceControl
LogPluginManager: Mounting plugin SubversionSourceControl
LogPluginManager: Mounting plugin UObjectPlugin
LogPluginManager: Mounting plugin VisualStudioCodeSourceCodeAccess
LogPluginManager: Mounting plugin VisualStudioSourceCodeAccess
LogPluginManager: Mounting plugin XCodeSourceCodeAccess
LogPluginManager: Mounting plugin AssetManagerEditor
LogPluginManager: Mounting plugin AudioCapture
LogPluginManager: Mounting plugin FacialAnimation
LogPluginManager: Mounting plugin GameplayTagsEditor
LogPluginManager: Mounting plugin MobileLauncherProfileWizard
LogPluginManager: Mounting plugin PluginBrowser
LogPluginManager: Mounting plugin SpeedTreeImporter
LogPluginManager: Mounting plugin AlembicImporter
LogPluginManager: Mounting plugin CharacterAI
LogPluginManager: Mounting plugin HTML5Networking
LogPluginManager: Mounting plugin AndroidMedia
LogPluginManager: Mounting plugin AvfMedia
LogPluginManager: Mounting plugin ImgMedia
LogPluginManager: Mounting plugin MediaCompositing
LogPluginManager: Mounting plugin MediaPlayerEditor
LogPluginManager: Mounting plugin WmfMedia
LogPluginManager: Mounting plugin TcpMessaging
LogPluginManager: Mounting plugin UdpMessaging
LogPluginManager: Mounting plugin ActorSequence
LogPluginManager: Mounting plugin LevelSequenceEditor
LogPluginManager: Mounting plugin MatineeToLevelSequence
LogPluginManager: Mounting plugin OnlineSubsystemGooglePlay
LogPluginManager: Mounting plugin OnlineSubsystemIOS
LogPluginManager: Mounting plugin OnlineSubsystem
LogPluginManager: Mounting plugin OnlineSubsystemNull
LogPluginManager: Mounting plugin OnlineSubsystemUtils
LogPluginManager: Mounting plugin AndroidDeviceProfileSelector
LogPluginManager: Mounting plugin AndroidMoviePlayer
LogPluginManager: Mounting plugin AndroidPermission
LogPluginManager: Mounting plugin AppleARKit
LogPluginManager: Mounting plugin AppleMoviePlayer
LogPluginManager: Mounting plugin ArchVisCharacter
LogPluginManager: Mounting plugin CableComponent
LogPluginManager: Mounting plugin CustomMeshComponent
LogPluginManager: Mounting plugin ExampleDeviceProfileSelector
LogPluginManager: Mounting plugin GoogleCloudMessaging
LogPluginManager: Mounting plugin ImmediatePhysics
LogPluginManager: Mounting plugin IOSDeviceProfileSelector
LogPluginManager: Mounting plugin LinuxDeviceProfileSelector
LogPluginManager: Mounting plugin LocationServicesBPLibrary
LogPluginManager: Mounting plugin MobilePatchingUtils
LogPluginManager: Mounting plugin OculusVR
LogPluginManager: Plugin shader directory ../../../Engine/Plugins/Runtime/Oculus/OculusVR/Shaders found
LogPluginManager: Mapping shader source directory ../../../Engine/Plugins/Runtime/Oculus/OculusVR/Shaders to virtual directory /Plugin/OculusVR
LogPluginManager: Mounting plugin PhysXVehicles
LogPluginManager: Mounting plugin ProceduralMeshComponent
LogPluginManager: Mounting plugin RuntimePhysXCooking
LogPluginManager: Mounting plugin SteamVR
LogPluginManager: Mounting plugin WindowsMoviePlayer
LogInit: Using libcurl 7.47.1
LogInit:  - built for x86_64-pc-win32
LogInit:  - supports SSL with OpenSSL/1.0.2g
LogInit:  - supports HTTP deflate (compression) using libz 1.2.8
LogInit:  - other features:
LogInit:      CURL_VERSION_SSL
LogInit:      CURL_VERSION_LIBZ
LogInit:      CURL_VERSION_IPV6
LogInit:      CURL_VERSION_ASYNCHDNS
LogInit:      CURL_VERSION_LARGEFILE
LogInit:      CURL_VERSION_IDN
LogInit:  CurlRequestOptions (configurable via config and command line):
LogInit:  - bVerifyPeer = false  - Libcurl will NOT verify peer certificate
LogInit:  - bUseHttpProxy = false  - Libcurl will NOT use HTTP proxy
LogInit:  - bDontReuseConnections = false  - Libcurl will reuse connections
LogInit:  - CertBundlePath = nullptr  - Libcurl will use whatever was configured at build time.
LogInit: Build: ++UE4+Release-4.18-CL-3832480
LogInit: Engine Version: 4.18.3-3832480+++UE4+Release-4.18
LogInit: Compatible Engine Version: 4.18.0-3709383+++UE4+Release-4.18
LogInit: Net CL: 3709383
LogDevObjectVersion: Number of dev versions registered: 16
LogDevObjectVersion:   Dev-Blueprints (B0D832E4-1F89-4F0D-ACCF-7EB736FD4AA2): 10
LogDevObjectVersion:   Dev-Build (E1C64328-A22C-4D53-A36C-8E866417BD8C): 0
LogDevObjectVersion:   Dev-Core (375EC13C-06E4-48FB-B500-84F0262A717E): 2
LogDevObjectVersion:   Dev-Editor (E4B068ED-F494-42E9-A231-DA0B2E46BB41): 20
LogDevObjectVersion:   Dev-Framework (CFFC743F-43B0-4480-9391-14DF171D2073): 30
LogDevObjectVersion:   Dev-Mobile (B02B49B5-BB20-44E9-A304-32B752E40360): 0
LogDevObjectVersion:   Dev-Networking (A4E4105C-59A1-49B5-A7C5-40C4547EDFEE): 0
LogDevObjectVersion:   Dev-Online (39C831C9-5AE6-47DC-9A44-9C173E1C8E7C): 0
LogDevObjectVersion:   Dev-Physics (78F01B33-EBEA-4F98-B9B4-84EACCB95AA2): 0
LogDevObjectVersion:   Dev-Platform (6631380F-2D4D-43E0-8009-CF276956A95A): 0
LogDevObjectVersion:   Dev-Rendering (12F88B9F-8875-4AFC-A67C-D90C383ABD29): 20
LogDevObjectVersion:   Dev-Sequencer (7B5AE74C-D270-4C10-A958-57980B212A5A): 4
LogDevObjectVersion:   Dev-VR (D7296918-1DD6-4BDD-9DE2-64A83CC13884): 0
LogDevObjectVersion:   Dev-LoadTimes (C2A15278-BFE7-4AFE-6C17-90FF531DF755): 1
LogDevObjectVersion:   Private-Geometry (6EACA3D4-40EC-4CC1-B786-8BED09428FC5): 1
LogDevObjectVersion:   Dev-AnimPhys (29E575DD-E0A3-4627-9D10-D276232CDCEA): 12
LogInit: Compiled (64-bit): Jan 12 2018 02:04:55
LogInit: Compiled with Visual C++: 19.00.24215.01
LogInit: Build Configuration: Development
LogInit: Branch Name: ++UE4+Release-4.18
LogInit: Command line:  
LogInit: Base directory: D:/Unreal/UE_4.18/Engine/Binaries/Win64/
LogInit: Installed Engine Build: 1
LogInit: Presizing for max 8388607 objects, including 0 objects not considered by GC, pre-allocating 0 bytes for permanent pool.
LogInit: Object subsystem initialized
[2018.03.02-15.33.44:964][  0]LogInit: Selected Device Profile: [Windows]
[2018.03.02-15.33.44:964][  0]LogInit: Applying CVar settings loaded from the selected device profile: [Windows]
[2018.03.02-15.33.44:971][  0]LogInit: Computer: AI327
[2018.03.02-15.33.44:971][  0]LogInit: User: carlescondeminas
[2018.03.02-15.33.44:971][  0]LogInit: CPU Page size=4096, Cores=4
[2018.03.02-15.33.44:971][  0]LogInit: High frequency timer resolution =3.020429 MHz
[2018.03.02-15.33.44:971][  0]LogMemory: Memory total: Physical=15.9GB (16GB approx)
[2018.03.02-15.33.44:971][  0]LogMemory: Platform Memory Stats for Windows
[2018.03.02-15.33.44:971][  0]LogMemory: Process Physical Memory: 274.70 MB used, 274.70 MB peak
[2018.03.02-15.33.44:971][  0]LogMemory: Process Virtual Memory: 274.89 MB used, 274.89 MB peak
[2018.03.02-15.33.44:971][  0]LogMemory: Physical Memory: 7624.16 MB used,  8707.23 MB free, 16331.39 MB total
[2018.03.02-15.33.44:971][  0]LogMemory: Virtual Memory: 633.46 MB used,  8707.23 MB free, 8388608.00 MB total
[2018.03.02-15.33.45:066][  0]LogInit: Using OS detected language (ca-ES).
[2018.03.02-15.33.45:066][  0]LogInit: Using OS detected locale (ca-ES).
[2018.03.02-15.33.45:068][  0]LogTextLocalizationManager: No localization for 'ca-ES' exists, so 'en' will be used for the language.
[2018.03.02-15.33.45:068][  0]LogTextLocalizationManager: No localization for 'ca-ES' exists, so 'en' will be used for the locale.
[2018.03.02-15.33.45:482][  0]LogWindows: Failed to load 'shcore.dll' (GetLastError=126)
[2018.03.02-15.33.45:482][  0]LogWindows: File 'shcore.dll' does not exist
[2018.03.02-15.33.45:482][  0]LogInit: Setting process to DPI aware
[2018.03.02-15.33.45:484][  0]LogWindows: Failed to load 'shcore.dll' (GetLastError=126)
[2018.03.02-15.33.45:484][  0]LogWindows: File 'shcore.dll' does not exist
[2018.03.02-15.33.45:484][  0]LogInit: Setting process to DPI aware
[2018.03.02-15.33.45:712][  0]LogD3D11RHI: D3D11 adapters:
[2018.03.02-15.33.45:724][  0]LogD3D11RHI:    0. 'NVIDIA Quadro K620' (Feature Level 11_0)
[2018.03.02-15.33.45:724][  0]LogD3D11RHI:       1994/0/7909 MB DedicatedVideo/DedicatedSystem/SharedSystem, Outputs:1, VendorId:0x10de
[2018.03.02-15.33.45:724][  0]LogD3D11RHI: Chosen D3D11 Adapter: 0
[2018.03.02-15.33.45:728][  0]LogD3D11RHI: Creating new Direct3DDevice
[2018.03.02-15.33.45:728][  0]LogD3D11RHI:     GPU DeviceId: 0x13bb (for the marketing name, search the web for "GPU Device Id")
[2018.03.02-15.33.45:728][  0]LogWindows: EnumDisplayDevices:
[2018.03.02-15.33.45:728][  0]LogWindows:    0. 'NVIDIA Quadro K620' (P:1 D:1)
[2018.03.02-15.33.45:728][  0]LogWindows:    1. 'NVIDIA Quadro K620' (P:0 D:0)
[2018.03.02-15.33.45:728][  0]LogWindows:    2. 'NVIDIA Quadro K620' (P:0 D:0)
[2018.03.02-15.33.45:728][  0]LogWindows:    3. 'NVIDIA Quadro K620' (P:0 D:0)
[2018.03.02-15.33.45:728][  0]LogWindows:    4. 'RDPDD Chained DD' (P:0 D:0)
[2018.03.02-15.33.45:728][  0]LogWindows:    5. 'RDP Encoder Mirror Driver' (P:0 D:0)
[2018.03.02-15.33.45:728][  0]LogWindows:    6. 'RDP Reflector Display Driver' (P:0 D:0)
[2018.03.02-15.33.45:728][  0]LogWindows: DebugString: GetVideoDriverDetailsInvalid PrimaryIsNotTheChoosenAdapter GetVideoDriverDetailsInvalid PrimaryIsNotTheChoosenAdapter GetVideoDriverDetailsInvalid PrimaryIsNotTheChoosenAdapter FoundDriverCount:4 
[2018.03.02-15.33.45:728][  0]LogD3D11RHI:     Adapter Name: NVIDIA Quadro K620
[2018.03.02-15.33.45:728][  0]LogD3D11RHI:   Driver Version: 354.13 (internal:10.18.13.5413, unified:354.13)
[2018.03.02-15.33.45:728][  0]LogD3D11RHI:      Driver Date: 9-10-2015
[2018.03.02-15.33.45:728][  0]LogRHI: Texture pool is 1396 MB (70% of 1994 MB)
[2018.03.02-15.33.45:736][  0]LogD3D11RHI: NvAPI_D3D_GetCurrentSLIState failed: 0xfffffff7
[2018.03.02-15.33.45:736][  0]LogD3D11RHI: Async texture creation enabled
[2018.03.02-15.33.45:750][  0]LogD3D11RHI: GPU Timing Frequency: 1000.000000 (Debug: 2 2)
[2018.03.02-15.33.45:751][  0]LogShaderCompilers: Guid format shader working directory is -3 characters bigger than the processId version (C:/Users/carles.condeminas/Desktop/ExamenBackupHome/MyProject/Intermediate/Shaders/WorkingDirectory/6656/).
[2018.03.02-15.33.45:751][  0]LogShaderCompilers: Cleaned the shader compiler working directory 'C:/Users/carles.condeminas/AppData/Local/Temp/UnrealShaderWorkingDir/6A2149C64693847031971C8008F9F1F7/'.
[2018.03.02-15.33.45:751][  0]LogShaderCompilers: Display: Using Local Shader Compiler.
[2018.03.02-15.33.46:598][  0]LogTemp: Display: Loaded TP AllDesktopTargetPlatform
[2018.03.02-15.33.46:630][  0]LogTemp: Display: Loaded TP MacClientTargetPlatform
[2018.03.02-15.33.46:670][  0]LogTemp: Display: Loaded TP MacNoEditorTargetPlatform
[2018.03.02-15.33.46:705][  0]LogTemp: Display: Loaded TP MacServerTargetPlatform
[2018.03.02-15.33.46:742][  0]LogTemp: Display: Loaded TP MacTargetPlatform
[2018.03.02-15.33.46:784][  0]LogTemp: Display: Loaded TP WindowsClientTargetPlatform
[2018.03.02-15.33.46:823][  0]LogTemp: Display: Loaded TP WindowsNoEditorTargetPlatform
[2018.03.02-15.33.46:860][  0]LogTemp: Display: Loaded TP WindowsServerTargetPlatform
[2018.03.02-15.33.46:895][  0]LogTemp: Display: Loaded TP WindowsTargetPlatform
[2018.03.02-15.33.46:929][  0]LogTemp: Display: Loaded TP Android_ASTCTargetPlatform
[2018.03.02-15.33.46:971][  0]LogTemp: Display: Loaded TP Android_ATCTargetPlatform
[2018.03.02-15.33.47:014][  0]LogTemp: Display: Loaded TP Android_DXTTargetPlatform
[2018.03.02-15.33.47:058][  0]LogTemp: Display: Loaded TP Android_ETC1TargetPlatform
[2018.03.02-15.33.47:094][  0]LogTemp: Display: Loaded TP Android_ETC2TargetPlatform
[2018.03.02-15.33.47:163][  0]LogTemp: Display: Loaded TP Android_MultiTargetPlatform
[2018.03.02-15.33.47:163][  0]LogTemp: Display: Loaded TP Android_PVRTCTargetPlatform
[2018.03.02-15.33.47:200][  0]LogTemp: Display: Loaded TP AndroidTargetPlatform
[2018.03.02-15.33.47:224][  0]LogTemp: Display: Loaded TP HTML5TargetPlatform
[2018.03.02-15.33.47:292][  0]LogTemp: Display: Loaded TP IOSTargetPlatform
[2018.03.02-15.33.47:314][  0]LogTemp: Display: Loaded TP TVOSTargetPlatform
[2018.03.02-15.33.47:354][  0]LogTemp: Display: Loaded TP LinuxClientTargetPlatform
[2018.03.02-15.33.47:391][  0]LogTemp: Display: Loaded TP LinuxNoEditorTargetPlatform
[2018.03.02-15.33.47:426][  0]LogTemp: Display: Loaded TP LinuxServerTargetPlatform
[2018.03.02-15.33.47:459][  0]LogTemp: Display: Loaded TP LinuxTargetPlatform
[2018.03.02-15.33.47:459][  0]LogTargetPlatformManager: Display: Building Assets For Windows
[2018.03.02-15.33.47:746][  0]LogDerivedDataCache: Display: Max Cache Size: 512 MB
[2018.03.02-15.33.47:825][  0]LogDerivedDataCache: Loaded boot cache 0.08s 72MB C:/Users/carles.condeminas/AppData/Local/UnrealEngine/4.18/DerivedDataCache/Boot.ddc.
[2018.03.02-15.33.47:825][  0]LogDerivedDataCache: Display: Loaded Boot cache: C:/Users/carles.condeminas/AppData/Local/UnrealEngine/4.18/DerivedDataCache/Boot.ddc
[2018.03.02-15.33.47:825][  0]LogDerivedDataCache: FDerivedDataBackendGraph:  Pak pak cache file C:/Users/carles.condeminas/Desktop/ExamenBackupHome/MyProject/DerivedDataCache/DDC.ddp not found, will not use a pak cache.
[2018.03.02-15.33.47:825][  0]LogDerivedDataCache: Unable to find inner node Pak for hierarchical cache Hierarchy.
[2018.03.02-15.33.47:825][  0]LogDerivedDataCache: FDerivedDataBackendGraph:  CompressedPak pak cache file C:/Users/carles.condeminas/Desktop/ExamenBackupHome/MyProject/DerivedDataCache/Compressed.ddp not found, will not use a pak cache.
[2018.03.02-15.33.47:825][  0]LogDerivedDataCache: Unable to find inner node CompressedPak for hierarchical cache Hierarchy.
[2018.03.02-15.33.47:847][  0]LogDerivedDataCache: Display: Pak cache opened for reading ../../../Engine/DerivedDataCache/Compressed.ddp.
[2018.03.02-15.33.47:859][  0]LogDerivedDataCache: Using Local data cache path C:/Users/carles.condeminas/AppData/Local/UnrealEngine/Common/DerivedDataCache: Writable
[2018.03.02-15.33.47:869][  0]LogMaterial: Verifying Global Shaders for PCD3D_SM5
[2018.03.02-15.33.47:870][  0]LogSlate: Using Freetype 2.6.0
[2018.03.02-15.33.47:871][  0]LogSlate: SlateFontCache - WITH_FREETYPE: 1, WITH_HARFBUZZ: 1
[2018.03.02-15.33.47:871][  0]LogSlate: SlateFontCache - WITH_FREETYPE: 1, WITH_HARFBUZZ: 1
[2018.03.02-15.33.48:281][  0]LogInit: Selected Device Profile: [Windows]
[2018.03.02-15.33.48:573][  0]LogSimplygon: Simplygon DLL not present - disabling.
[2018.03.02-15.33.48:606][  0]LogMeshReduction: Using SimplygonSwarm for distributed automatic mesh merging
[2018.03.02-15.33.48:606][  0]LogMeshReduction: Using QuadricMeshReduction for automatic static mesh reduction
[2018.03.02-15.33.48:606][  0]LogMeshReduction: No automatic skeletal mesh reduction module available
[2018.03.02-15.33.48:606][  0]LogMeshReduction: No automatic mesh merging module available
[2018.03.02-15.33.48:606][  0]LogMeshMerging: No automatic mesh merging module available
[2018.03.02-15.33.48:628][  0]LogNetVersion: MyProject , NetCL: 3709383, EngineNetVer: 2, GameNetVer: 0 (Checksum: 1490074681)
[2018.03.02-15.33.48:773][  0]LogAssetRegistry: FAssetRegistry took 0.0246 seconds to start up
[2018.03.02-15.33.49:220][  0]LogPackageLocalizationCache: Processed 7 localized package path(s) for 1 prioritized culture(s) in 0.024480 seconds
[2018.03.02-15.33.49:225][  0]LogUObjectArray: 35870 objects as part of root set at end of initial load.
[2018.03.02-15.33.49:225][  0]LogUObjectAllocator: 7363696 out of 0 bytes used by permanent object pool.
[2018.03.02-15.33.49:225][  0]LogUObjectArray: CloseDisregardForGC: 0/0 objects in disregard for GC pool
[2018.03.02-15.33.49:261][  0]LogInit: WinSock: version 1.1 (2.2), MaxSocks=32767, MaxUdp=65467
[2018.03.02-15.33.51:296][  0]LogTcpMessaging: Initializing TcpMessaging bridge
[2018.03.02-15.33.51:324][  0]LogUdpMessaging: Initializing bridge on interface 0.0.0.0:0 to multicast group 230.0.0.1:6666.
[2018.03.02-15.33.51:791][  0]LogMaterial: Uniform references updated for custom material expression Custom.
[2018.03.02-15.33.52:101][  0]SourceControl: Source control is disabled
[2018.03.02-15.33.52:101][  0]SourceControl: Source control is disabled
[2018.03.02-15.33.52:139][  0]SourceControl: Source control is disabled
[2018.03.02-15.33.52:170][  0]SourceControl: Source control is disabled
[2018.03.02-15.33.52:740][  0]LogAndroidPermission: UAndroidPermissionCallbackProxy::GetInstance
[2018.03.02-15.33.52:927][  0]LogOcInput: OculusInput pre-init called
[2018.03.02-15.33.53:118][  0]LogEngine: Initializing Engine...
[2018.03.02-15.33.53:120][  0]LogHMD: Failed to initialize OpenVR with code 110
[2018.03.02-15.33.53:150][  0]LogMaterial: Missing cached shader map for material LevelColorationUnlitMaterial, compiling. Is special engine material.
[2018.03.02-15.33.53:390][  0]LogMaterial: Missing cached shader map for material MAT_LevelColorationLitLightmapUV, compiling. Is special engine material.
[2018.03.02-15.33.54:471][  0]LogMaterial: Missing cached shader map for material ShadedLevelColorationLitMaterial, compiling. Is special engine material.
[2018.03.02-15.33.55:536][  0]LogMaterial: Missing cached shader map for material ShadedLevelColorationUnlitMateri, compiling. Is special engine material.
[2018.03.02-15.33.55:874][  0]LogMaterial: Missing cached shader map for material VertexColorMaterial, compiling. 
[2018.03.02-15.33.56:055][  0]LogMaterial: Missing cached shader map for material VertexColorViewMode_ColorOnly, compiling. 
[2018.03.02-15.33.56:109][  0]LogMaterial: Missing cached shader map for material VertexColorViewMode_AlphaAsColor, compiling. 
[2018.03.02-15.33.56:169][  0]LogMaterial: Missing cached shader map for material VertexColorViewMode_RedOnly, compiling. 
[2018.03.02-15.33.56:218][  0]LogMaterial: Missing cached shader map for material VertexColorViewMode_GreenOnly, compiling. 
[2018.03.02-15.33.56:268][  0]LogMaterial: Missing cached shader map for material VertexColorViewMode_BlueOnly, compiling. 
[2018.03.02-15.33.56:314][  0]LogMaterial: Missing cached shader map for material RemoveSurfaceMaterial, compiling. 
[2018.03.02-15.33.56:338][  0]LogMaterial: Missing cached shader map for material DebugMeshMaterial, compiling. 
[2018.03.02-15.33.56:416][  0]LogMaterial: Missing cached shader map for material M_InvalidLightmapSettings, compiling. 
[2018.03.02-15.33.56:513][  0]LogMaterial: Missing cached shader map for material GizmoMaterial, compiling. 
[2018.03.02-15.33.56:575][  0]LogMaterial: Missing cached shader map for material PhAT_JointLimitMaterial, compiling. 
[2018.03.02-15.33.56:645][  0]LogMaterial: Missing cached shader map for material GeomMaterial, compiling. 
[2018.03.02-15.33.56:681][  0]LogMaterial: Missing cached shader map for material EditorBrushMaterial, compiling. 
[2018.03.02-15.33.56:749][  0]LogMaterial: Missing cached shader map for material BoneWeightMaterial, compiling. 
[2018.03.02-15.33.56:928][  0]LogMaterial: Missing cached shader map for material ClothMaterial, compiling. 
[2018.03.02-15.33.56:970][  0]LogMaterial: Missing cached shader map for material ClothMaterial_WF, compiling. 
[2018.03.02-15.33.57:025][  0]LogMaterial: Missing cached shader map for material DebugEditorMaterial, compiling. 
[2018.03.02-15.33.57:092][  0]LogMaterial: Missing cached shader map for material PreviewShadowIndicatorMaterial, compiling. 
[2018.03.02-15.33.57:392][  0]LogStats: UGameplayTagsManager::ConstructGameplayTagTree: Construct from data asset -  0.000 s
[2018.03.02-15.33.57:392][  0]LogStats: UGameplayTagsManager::ConstructGameplayTagTree: GameplayTagTreeChangedEvent.Broadcast -  0.000 s
[2018.03.02-15.33.57:524][  0]LogAIModule: Creating AISystem for world Untitled
[2018.03.02-15.33.57:670][  0]LogInit: XAudio2 using 'Altavoces (Realtek High Definition Audio)' : 2 channels at 48 kHz using 32 bits per sample (channel mask 0x3)
[2018.03.02-15.33.58:600][  0]LogInit: FAudioDevice initialized.
[2018.03.02-15.33.58:684][  0]LogDerivedDataCache: Saved boot cache 0.08s 73MB C:/Users/carles.condeminas/AppData/Local/UnrealEngine/4.18/DerivedDataCache/Boot.ddc.
[2018.03.02-15.33.58:689][  0]LogInit: Texture streaming: Enabled
[2018.03.02-15.33.58:787][  0]LogEngineSessionManager: EngineSessionManager initialized
[2018.03.02-15.33.58:916][  0]LogInit: Transaction tracking system initialized
[2018.03.02-15.33.59:235][  0]BlueprintLog: New page: Editor Load
[2018.03.02-15.34.00:154][  0]LocalizationService: Localization service is disabled
[2018.03.02-15.34.00:923][  0]LogConsoleResponse: Display: 
[2018.03.02-15.34.00:964][  0]LogMaterial: Missing cached shader map for material Cross_Mat, compiling. 
[2018.03.02-15.34.01:024][  0]LogMaterial: Missing cached shader map for material PhAT_BoneSelectedMaterial, compiling. 
[2018.03.02-15.34.01:075][  0]LogMaterial: Missing cached shader map for material PhAT_ElemSelectedMaterial, compiling. 
[2018.03.02-15.34.01:118][  0]LogMaterial: Missing cached shader map for material PhAT_NoCollisionMaterial, compiling. 
[2018.03.02-15.34.01:167][  0]LogMaterial: Missing cached shader map for material PhAT_UnselectedMaterial, compiling. 
[2018.03.02-15.34.01:230][  0]LogMaterial: Missing cached shader map for material Tick_Mat, compiling. 
[2018.03.02-15.34.01:295][  0]LogMaterial: Missing cached shader map for material WidgetGridVertexColorMaterial_Ma, compiling. 
[2018.03.02-15.34.01:336][  0]LogMaterial: Missing cached shader map for material WidgetMaterial, compiling. 
[2018.03.02-15.34.01:368][  0]LogMaterial: Missing cached shader map for material WidgetMaterial_Current, compiling. 
[2018.03.02-15.34.01:402][  0]LogMaterial: Missing cached shader map for material WidgetMaterial_X, compiling. 
[2018.03.02-15.34.01:436][  0]LogMaterial: Missing cached shader map for material WidgetMaterial_Y, compiling. 
[2018.03.02-15.34.01:476][  0]LogMaterial: Missing cached shader map for material WidgetMaterial_Z, compiling. 
[2018.03.02-15.34.01:515][  0]LogMaterial: Missing cached shader map for material WidgetVertexColorMaterial, compiling. 
[2018.03.02-15.34.01:728][  0]LogMaterial: Missing cached shader map for material LevelGridMaterial, compiling. 
[2018.03.02-15.34.01:925][  0]LogMaterial: Missing cached shader map for material BlinkingCaret, compiling. 
[2018.03.02-15.34.02:122][  0]LogMaterial: Missing cached shader map for material M_StreamingPause, compiling. 
[2018.03.02-15.34.02:175][  0]LogCook: Display: Max memory allowance for cook 16384mb min free memory 0mb
[2018.03.02-15.34.02:175][  0]LogCook: Display: Mobile HDR setting 1
[2018.03.02-15.34.02:175][  0]LogGameplayTags: Display: UGameplayTagsManager::DoneAddingNativeTags. DelegateIsBound: 0
[2018.03.02-15.34.02:184][  0]LogFileCache: Scanning file cache for directory 'C:/Users/carles.condeminas/Desktop/ExamenBackupHome/MyProject/Content/' took 0.02s
[2018.03.02-15.34.04:035][  0]SourceControl: Source control is disabled
[2018.03.02-15.34.04:035][  0]Cmd: MAP LOAD FILE="C:/Users/carles.condeminas/Desktop/ExamenBackupHome/MyProject/Content/ThirdPersonBP/Maps/ThirdPersonExampleMap.umap" TEMPLATE=0 SHOWPROGRESS=1 FEATURELEVEL=3
[2018.03.02-15.34.04:035][  0]LightingResults: New page: Lighting Build
[2018.03.02-15.34.04:108][  0]MapCheck: New page: Map Check
[2018.03.02-15.34.04:108][  0]LightingResults: New page: Lighting Build
[2018.03.02-15.34.05:525][  0]LogLinker: Warning: Can't find file '/Game/ThirdPersonBP/Maps/ThirdPersonExampleMap_BuiltData'
[2018.03.02-15.34.05:525][  0]LogLinker: Warning: Can't find file for asset '/Game/ThirdPersonBP/Maps/ThirdPersonExampleMap_BuiltData' while loading C:/Users/carles.condeminas/Desktop/ExamenBackupHome/MyProject/Content/ThirdPersonBP/Maps/ThirdPersonExampleMap.umap.
[2018.03.02-15.34.05:525][  0]LoadErrors: Error: /Game/ThirdPersonBP/Maps/ThirdPersonExampleMap : Can't find file for asset. /Game/ThirdPersonBP/Maps/ThirdPersonExampleMap_BuiltData
[2018.03.02-15.34.05:666][  0]LogLinker: Warning: Can't find file '/Game/ThirdPersonBP/Maps/ThirdPersonExampleMap_BuiltData'
[2018.03.02-15.34.05:666][  0]LogLinker: Warning: Can't find file for asset '/Game/ThirdPersonBP/Maps/ThirdPersonExampleMap_BuiltData' while loading C:/Users/carles.condeminas/Desktop/ExamenBackupHome/MyProject/Content/ThirdPersonBP/Maps/ThirdPersonExampleMap.umap.
[2018.03.02-15.34.05:666][  0]LoadErrors: Error: /Game/ThirdPersonBP/Maps/ThirdPersonExampleMap : Can't find file for asset. /Game/ThirdPersonBP/Maps/ThirdPersonExampleMap_BuiltData
[2018.03.02-15.34.05:672][  0]LogLinker: Warning: Can't find file '/Game/ThirdPersonBP/Maps/ThirdPersonExampleMap_BuiltData'
[2018.03.02-15.34.05:672][  0]LogLinker: Warning: Can't find file for asset '/Game/ThirdPersonBP/Maps/ThirdPersonExampleMap_BuiltData' while loading NULL.
[2018.03.02-15.34.05:672][  0]LogLinker: Warning: Can't find file '/Game/ThirdPersonBP/Maps/ThirdPersonExampleMap_BuiltData'
[2018.03.02-15.34.05:672][  0]LogLinker: Warning: Can't find file for asset '/Game/ThirdPersonBP/Maps/ThirdPersonExampleMap_BuiltData' while loading NULL.
[2018.03.02-15.34.05:686][  0]LogLinker: Warning: Can't find file '/Game/ThirdPersonBP/Maps/ThirdPersonExampleMap_BuiltData'
[2018.03.02-15.34.05:686][  0]LoadErrors: Failed to load /Game/ThirdPersonBP/Maps/ThirdPersonExampleMap_BuiltData.ThirdPersonExampleMap_BuiltData Referenced by PersistentLevel
[2018.03.02-15.34.05:686][  0]LogLinker: Warning: Can't find file for asset '/Game/ThirdPersonBP/Maps/ThirdPersonExampleMap_BuiltData' while loading NULL.
[2018.03.02-15.34.05:686][  0]LoadErrors: Failed to load /Game/ThirdPersonBP/Maps/ThirdPersonExampleMap_BuiltData.ThirdPersonExampleMap_BuiltData Referenced by PersistentLevel
[2018.03.02-15.34.05:934][  0]LogMaterial: Missing cached shader map for material M_Sky_Panning_Clouds2, compiling. 
[2018.03.02-15.34.06:067][  0]LogMaterial: Missing cached shader map for material RampMaterial, compiling. 
[2018.03.02-15.34.06:122][  0]LogMaterial: Missing cached shader map for material M_UE4Man_Body, compiling. 
[2018.03.02-15.34.06:323][  0]LogMaterial: Missing cached shader map for material M_UE4Man_Body, compiling. 
[2018.03.02-15.34.06:533][  0]LogMaterial: Missing cached shader map for material CubeMaterial, compiling. 
[2018.03.02-15.34.06:586][  0]LogAIModule: Creating AISystem for world ThirdPersonExampleMap
[2018.03.02-15.34.06:660][  0]LogEditorServer: Finished looking for orphan Actors (0.000 secs)
[2018.03.02-15.34.06:684][  0]Cmd: MAP CHECKDEP NOCLEARLOG
[2018.03.02-15.34.06:734][  0]MapCheck: Map check complete: 0 Error(s), 0 Warning(s), took 49.07ms to complete.
[2018.03.02-15.34.06:734][  0]LogFileHelpers: Loading map 'ThirdPersonExampleMap' took 2.699
[2018.03.02-15.34.06:900][  0]LogCollectionManager: Loaded 0 collections in 0.001911 seconds
[2018.03.02-15.34.06:984][  0]LogFileCache: Scanning file cache for directory 'C:/Users/carles.condeminas/Desktop/ExamenBackupHome/MyProject/Saved/Collections/' took 0.01s
[2018.03.02-15.34.06:984][  0]LogFileCache: Scanning file cache for directory 'C:/Users/carles.condeminas/Desktop/ExamenBackupHome/MyProject/Content/Developers/carlescondeminas/Collections/' took 0.01s
[2018.03.02-15.34.06:984][  0]LogFileCache: Scanning file cache for directory 'C:/Users/carles.condeminas/Desktop/ExamenBackupHome/MyProject/Content/Collections/' took 0.01s
[2018.03.02-15.34.06:984][  0]LogCollectionManager: Rebuilt the GUID cache for 0 collections in 0.000001 seconds
[2018.03.02-15.34.06:998][  0]LogContentBrowser: Native class hierarchy populated in 0.0140 seconds. Added 2363 classes and 519 folders.
[2018.03.02-15.34.07:064][  0]LogContentBrowser: Native class hierarchy updated for 'WidgetCarousel' in 0.0003 seconds. Added 0 classes and 0 folders.
[2018.03.02-15.34.07:099][  0]LogContentBrowser: Native class hierarchy updated for 'AddContentDialog' in 0.0003 seconds. Added 0 classes and 0 folders.
[2018.03.02-15.34.07:142][  0]LogContentBrowser: Native class hierarchy updated for 'SceneOutliner' in 0.0003 seconds. Added 1 classes and 2 folders.
[2018.03.02-15.34.07:165][  0]LogSlate: Took 0.000152 seconds to synchronously load lazily loaded font '../../../Engine/Content/Slate/Fonts/Roboto-Regular.ttf' (155K)
[2018.03.02-15.34.07:168][  0]LogSlate: Took 0.000159 seconds to synchronously load lazily loaded font '../../../Engine/Content/Slate/Fonts/Roboto-Bold.ttf' (160K)
[2018.03.02-15.34.07:174][  0]LogSlate: Took 0.000142 seconds to synchronously load lazily loaded font '../../../Engine/Content/Editor/Slate/Fonts/FontAwesome.ttf' (139K)
[2018.03.02-15.34.07:302][  0]LogMaterial: Missing cached shader map for material LevelGridMaterial2, compiling. 
[2018.03.02-15.34.07:421][  0]LogRenderer: Reallocating scene render targets to support 1208x576 Format 10 NumSamples 1 (Frame:1).
[2018.03.02-15.34.09:287][  0]LogContentBrowser: Native class hierarchy updated for 'HierarchicalLODOutliner' in 0.0004 seconds. Added 1 classes and 2 folders.
[2018.03.02-15.34.09:287][  0]LogLoad: (Engine Initialization) Total time: 25.94 seconds
[2018.03.02-15.34.09:287][  0]LogLoad: (Engine Initialization) Total Blueprint compile time: 0.00 seconds
[2018.03.02-15.34.09:287][  0]LogExternalProfiler: Found external profiler: VSPerf
[2018.03.02-15.34.09:287][  0]LogExternalProfiler: Using external profiler: VSPerf
[2018.03.02-15.34.10:289][  0]LogContentStreaming: Texture pool size now 1000 MB
[2018.03.02-15.34.10:707][  0]LogSlate: Took 0.000181 seconds to synchronously load lazily loaded font '../../../Engine/Content/Slate/Fonts/Roboto-Light.ttf' (159K)
[2018.03.02-15.34.10:768][  1]LogAssetRegistry: Asset discovery search completed in 22.0154 seconds
[2018.03.02-15.34.10:771][  1]LogCollectionManager: Rebuilt the object cache for 0 collections in 0.000001 seconds (found 0 objects)
[2018.03.02-15.34.10:771][  1]LogCollectionManager: Fixed up redirectors for 0 collections in 0.000069 seconds (updated 0 objects)
[2018.03.02-15.34.43:781][100]LogSlate: Took 0.000192 seconds to synchronously load lazily loaded font '../../../Engine/Content/Slate/Fonts/Roboto-Light.ttf' (159K)
[2018.03.02-15.40.19:818][309]LogSlate: Took 0.000158 seconds to synchronously load lazily loaded font '../../../Engine/Content/Slate/Fonts/Roboto-Light.ttf' (159K)
[2018.03.02-15.40.20:063][309]LogSavePackage: Save=170.06ms
[2018.03.02-15.40.20:063][309]LogSavePackage: Moving 'C:/Users/carles.condeminas/Desktop/ExamenBackupHome/MyProject/Saved/ThirdPersonExampleMap3881CCC0445ED56D3E2D4E82FE870982.tmp' to 'C:/Users/carles.condeminas/Desktop/ExamenBackupHome/MyProject/Content/ThirdPersonBP/Maps/ThirdPersonExampleMap.umap'
[2018.03.02-15.40.20:065][309]LogSavePackage: Display: Finished SavePackage C:/Users/carles.condeminas/Desktop/ExamenBackupHome/MyProject/Content/ThirdPersonBP/Maps/ThirdPersonExampleMap.umap
[2018.03.02-15.42.23:988][986]LogStreaming: Warning: Took 202.09ms to ProcessLoadedPackages
[2018.03.02-15.43.05:775][ 86]LogStreaming: Warning: Took 114.20ms to ProcessLoadedPackages
[2018.03.02-15.43.58:681][206]LogStreaming: Warning: Took 286.43ms to ProcessLoadedPackages
[2018.03.02-15.45.50:414][530]LogStreaming: Warning: Took 113.63ms to ProcessLoadedPackages
[2018.03.02-15.49.16:434][ 53]LogTemp: Repeating last play command: Selected Viewport
[2018.03.02-15.49.16:641][ 53]LogBlueprintUserMessages: Early PlayInEditor Detection: Level '/Game/ThirdPersonBP/Maps/ThirdPersonExampleMap.ThirdPersonExampleMap:PersistentLevel' has LevelScriptBlueprint '/Game/ThirdPersonBP/Maps/ThirdPersonExampleMap.ThirdPersonExampleMap:PersistentLevel.ThirdPersonExampleMap' with GeneratedClass '/Game/ThirdPersonBP/Maps/ThirdPersonExampleMap.ThirdPersonExampleMap_C' with ClassGeneratedBy '/Game/ThirdPersonBP/Maps/ThirdPersonExampleMap.ThirdPersonExampleMap:PersistentLevel.ThirdPersonExampleMap'
[2018.03.02-15.49.16:665][ 53]LogPlayLevel: PlayLevel: No blueprints needed recompiling
[2018.03.02-15.49.16:748][ 53]PIE: New page: PIE session: ThirdPersonExampleMap (Mar 2, 2018, 5:49:16 PM)
[2018.03.02-15.49.16:758][ 53]LogPlayLevel: Creating play world package: /Game/ThirdPersonBP/Maps/UEDPIE_0_ThirdPersonExampleMap
[2018.03.02-15.49.16:796][ 53]LogPlayLevel: PIE: StaticDuplicateObject took: (0.037806s)
[2018.03.02-15.49.16:797][ 53]LogAIModule: Creating AISystem for world ThirdPersonExampleMap
[2018.03.02-15.49.16:802][ 53]LogPlayLevel: PIE: World Init took: (0.006116s)
[2018.03.02-15.49.16:805][ 53]LogPlayLevel: PIE: Created PIE world by copying editor world from /Game/ThirdPersonBP/Maps/ThirdPersonExampleMap.ThirdPersonExampleMap to /Game/ThirdPersonBP/Maps/UEDPIE_0_ThirdPersonExampleMap.ThirdPersonExampleMap (0.046699s)
[2018.03.02-15.49.16:832][ 53]LogInit: XAudio2 using 'Altavoces (Realtek High Definition Audio)' : 2 channels at 48 kHz using 32 bits per sample (channel mask 0x3)
[2018.03.02-15.49.16:840][ 53]LogInit: FAudioDevice initialized.
[2018.03.02-15.49.16:950][ 53]LogLoad: Game class is 'ThirdPersonGameMode_C'
[2018.03.02-15.49.17:039][ 53]LogWorld: Bringing World /Game/ThirdPersonBP/Maps/UEDPIE_0_ThirdPersonExampleMap.ThirdPersonExampleMap up for play (max tick rate 0) at 2018.03.02-16.49.17
[2018.03.02-15.49.17:073][ 53]LogWorld: Bringing up level for play took: 0.045969
[2018.03.02-15.49.18:126][ 53]LogContentBrowser: Native class hierarchy updated for 'MovieSceneCapture' in 0.0083 seconds. Added 11 classes and 0 folders.
[2018.03.02-15.49.18:185][ 53]PIE: Play in editor start time for /Game/ThirdPersonBP/Maps/UEDPIE_0_ThirdPersonExampleMap 1.245
[2018.03.02-15.49.18:186][ 53]LogBlueprintUserMessages: Late PlayInEditor Detection: Level '/Game/ThirdPersonBP/Maps/ThirdPersonExampleMap.ThirdPersonExampleMap:PersistentLevel' has LevelScriptBlueprint '/Game/ThirdPersonBP/Maps/ThirdPersonExampleMap.ThirdPersonExampleMap:PersistentLevel.ThirdPersonExampleMap' with GeneratedClass '/Game/ThirdPersonBP/Maps/ThirdPersonExampleMap.ThirdPersonExampleMap_C' with ClassGeneratedBy '/Game/ThirdPersonBP/Maps/ThirdPersonExampleMap.ThirdPersonExampleMap:PersistentLevel.ThirdPersonExampleMap'
